[2022-10-11T09:19:09.611Z] Log level: Info
[2022-10-11T09:19:09.614Z] [info] Validating found git in: git
[2022-10-11T09:19:09.632Z] [info] Using git 2.30.2 from git
[2022-10-11T09:19:09.641Z] > git rev-parse --show-toplevel [2ms]
[2022-10-11T09:19:09.651Z] > git rev-parse --git-dir --git-common-dir [6ms]
[2022-10-11T09:19:09.654Z] [info] Open repository: /home/user/xv6-riscv
[2022-10-11T09:19:09.675Z] > git status -z -uall [6ms]
[2022-10-11T09:19:09.679Z] > git rev-parse --show-toplevel [5ms]
[2022-10-11T09:19:09.689Z] > git symbolic-ref --short HEAD [10ms]
[2022-10-11T09:19:09.697Z] > git for-each-ref --format=%(refname)%00%(upstream:short)%00%(objectname)%00%(upstream:track)%00%(upstream:remotename)%00%(upstream:remoteref) refs/heads/riscv refs/remotes/riscv [1ms]
[2022-10-11T09:19:09.703Z] > git rev-parse --show-toplevel [16ms]
[2022-10-11T09:19:09.707Z] > git remote --verbose [3ms]
[2022-10-11T09:19:09.707Z] > git for-each-ref --sort -committerdate --format %(refname) %(objectname) %(*objectname) [6ms]
[2022-10-11T09:19:09.715Z] > git rev-parse --show-toplevel [9ms]
[2022-10-11T09:19:09.718Z] > git config --get commit.template [4ms]
[2022-10-11T09:19:09.724Z] > git status -z -uall [3ms]
[2022-10-11T09:19:09.730Z] > git symbolic-ref --short HEAD [3ms]
[2022-10-11T09:19:09.735Z] > git for-each-ref --format=%(refname)%00%(upstream:short)%00%(objectname)%00%(upstream:track)%00%(upstream:remotename)%00%(upstream:remoteref) refs/heads/riscv refs/remotes/riscv [1ms]
[2022-10-11T09:19:09.740Z] > git remote --verbose [1ms]
[2022-10-11T09:19:09.740Z] > git for-each-ref --sort -committerdate --format %(refname) %(objectname) %(*objectname) [3ms]
[2022-10-11T09:19:09.747Z] > git config --get commit.template [2ms]
[2022-10-11T09:19:10.200Z] > git check-ignore -v -z --stdin [1ms]
[2022-10-11T09:19:44.896Z] > git check-ignore -v -z --stdin [1ms]
[2022-10-11T09:19:46.667Z] > git show --textconv :user/cat.c [4ms]
[2022-10-11T09:19:46.667Z] > git ls-files --stage -- /home/user/xv6-riscv/user/cat.c [1ms]
[2022-10-11T09:19:46.670Z] > git cat-file -s 598f0050d21b06da638eea69ddc5e44b072f4c45 [1ms]
[2022-10-11T09:19:48.790Z] > git check-ignore -v -z --stdin [3ms]
[2022-10-11T09:19:49.723Z] > git show --textconv :user/zombie.c [4ms]
[2022-10-11T09:19:49.723Z] > git ls-files --stage -- /home/user/xv6-riscv/user/zombie.c [1ms]
[2022-10-11T09:19:49.726Z] > git cat-file -s 8b89a338fcaa0ccc21bef5c6d3c6d0d53c8a9afc [1ms]
[2022-10-11T09:19:50.365Z] > git show --textconv :user/wc.c [10ms]
[2022-10-11T09:19:50.368Z] > git ls-files --stage -- /home/user/xv6-riscv/user/wc.c [4ms]
[2022-10-11T09:19:50.372Z] > git cat-file -s 6a851ca4ac5a4deb7c2f2cb2b5300affab3d0c01 [1ms]
[2022-10-11T09:19:50.873Z] > git show --textconv :user/usys.pl [3ms]
[2022-10-11T09:19:50.874Z] > git ls-files --stage -- /home/user/xv6-riscv/user/usys.pl [2ms]
[2022-10-11T09:19:50.879Z] > git cat-file -s 01e426e6b36c706967da4dfc41f6377df9da9e31 [2ms]
[2022-10-11T09:19:51.333Z] > git show --textconv :user/usertests.c [5ms]
[2022-10-11T09:19:51.333Z] > git ls-files --stage -- /home/user/xv6-riscv/user/usertests.c [1ms]
[2022-10-11T09:19:51.338Z] > git cat-file -s 7d3e9bc35e8be9159f7e2e312b29db71a19f03f0 [0ms]
[2022-10-11T09:19:51.750Z] > git show --textconv :user/user.ld [3ms]
[2022-10-11T09:19:51.751Z] > git ls-files --stage -- /home/user/xv6-riscv/user/user.ld [2ms]
[2022-10-11T09:19:51.753Z] > git cat-file -s 0ca922b66220c86c96336abc2b091c42c3197a30 [0ms]
[2022-10-11T09:19:52.452Z] > git show --textconv :user/user.h [19ms]
[2022-10-11T09:19:52.453Z] > git ls-files --stage -- /home/user/xv6-riscv/user/user.h [1ms]
[2022-10-11T09:19:52.457Z] > git cat-file -s 4d398d5069d9c99b34fa952b89edce8f0920bccb [0ms]
[2022-10-11T09:19:52.631Z] > git show --textconv :user/umalloc.c [3ms]
[2022-10-11T09:19:52.633Z] > git ls-files --stage -- /home/user/xv6-riscv/user/umalloc.c [2ms]
[2022-10-11T09:19:52.636Z] > git cat-file -s 2092a323c3f3117bf2f1a05518e5967b0316f937 [1ms]
[2022-10-11T09:19:53.053Z] > git show --textconv :user/ulib.c [3ms]
[2022-10-11T09:19:53.054Z] > git ls-files --stage -- /home/user/xv6-riscv/user/ulib.c [2ms]
[2022-10-11T09:19:53.059Z] > git cat-file -s c7b66c475623d6fef65926c12fb1cb8fb5f536f0 [1ms]
[2022-10-11T09:19:53.438Z] > git show --textconv :user/stressfs.c [5ms]
[2022-10-11T09:19:53.438Z] > git ls-files --stage -- /home/user/xv6-riscv/user/stressfs.c [1ms]
[2022-10-11T09:19:53.442Z] > git cat-file -s 247a7a503599c4f1d9434d4b67abe1b665757050 [1ms]
[2022-10-11T09:19:53.864Z] > git show --textconv :user/sh.c [6ms]
[2022-10-11T09:19:53.869Z] > git ls-files --stage -- /home/user/xv6-riscv/user/sh.c [5ms]
[2022-10-11T09:19:53.875Z] > git cat-file -s 836ebcbc7eba2f8133085b96c376a20d9e7ce565 [1ms]
[2022-10-11T09:19:54.241Z] > git show --textconv :user/rm.c [5ms]
[2022-10-11T09:19:54.241Z] > git ls-files --stage -- /home/user/xv6-riscv/user/rm.c [2ms]
[2022-10-11T09:19:54.248Z] > git cat-file -s 26b8f1feeef4503687a2243f02972567027154a9 [4ms]
[2022-10-11T09:19:54.679Z] > git show --textconv :user/printf.c [4ms]
[2022-10-11T09:19:54.680Z] > git ls-files --stage -- /home/user/xv6-riscv/user/printf.c [2ms]
[2022-10-11T09:19:54.684Z] > git cat-file -s 5c5c78295b154d15e7a0bfb57729a8919bff70ef [1ms]
[2022-10-11T09:19:55.770Z] > git show --textconv :user/mkdir.c [4ms]
[2022-10-11T09:19:55.770Z] > git ls-files --stage -- /home/user/xv6-riscv/user/mkdir.c [1ms]
[2022-10-11T09:19:55.774Z] > git cat-file -s c2b31c1378ad1ad4c597bd30833d431431a1937a [1ms]
[2022-10-11T09:19:56.156Z] > git show --textconv :user/ls.c [3ms]
[2022-10-11T09:19:56.158Z] > git ls-files --stage -- /home/user/xv6-riscv/user/ls.c [2ms]
[2022-10-11T09:19:56.161Z] > git cat-file -s c67b84bb802e316670eddf44fa20de2d63a59f4d [0ms]
[2022-10-11T09:19:56.490Z] > git show --textconv :user/ln.c [4ms]
[2022-10-11T09:19:56.491Z] > git ls-files --stage -- /home/user/xv6-riscv/user/ln.c [2ms]
[2022-10-11T09:19:56.494Z] > git cat-file -s 1894143708ef9e777ff4840f0a1ca8f9686162de [1ms]
[2022-10-11T09:19:56.879Z] > git show --textconv :user/kill.c [4ms]
[2022-10-11T09:19:56.880Z] > git ls-files --stage -- /home/user/xv6-riscv/user/kill.c [2ms]
[2022-10-11T09:19:56.883Z] > git cat-file -s 1b0253b978e45f0145ff94d723c97ecaf998d129 [1ms]
[2022-10-11T09:19:57.304Z] > git show --textconv :user/initcode.S [4ms]
[2022-10-11T09:19:57.304Z] > git ls-files --stage -- /home/user/xv6-riscv/user/initcode.S [1ms]
[2022-10-11T09:19:57.309Z] > git cat-file -s e8f7a91f01fa070b13b4bcbe73c9e9389aa65ba4 [1ms]
[2022-10-11T09:19:58.465Z] > git show --textconv :user/init.c [8ms]
[2022-10-11T09:19:58.467Z] > git ls-files --stage -- /home/user/xv6-riscv/user/init.c [3ms]
[2022-10-11T09:19:58.472Z] > git cat-file -s e0a5689524c083dce90d0281c773121e8d3c4a6b [1ms]
[2022-10-11T09:19:58.854Z] > git show --textconv :user/grind.c [2ms]
[2022-10-11T09:19:58.855Z] > git ls-files --stage -- /home/user/xv6-riscv/user/grind.c [1ms]
[2022-10-11T09:19:58.861Z] > git cat-file -s 431ed19952ca4852a8367a6e01840adbf3c85d9f [3ms]
[2022-10-11T09:19:59.242Z] > git ls-files --stage -- /home/user/xv6-riscv/user/grep.c [0ms]
[2022-10-11T09:19:59.246Z] > git show --textconv :user/grep.c [12ms]
[2022-10-11T09:19:59.247Z] > git cat-file -s 2315a0c4ddb9255a0c8910f5aba40ce0e9493267 [2ms]
[2022-10-11T09:19:59.621Z] > git show --textconv :user/forktest.c [9ms]
[2022-10-11T09:19:59.621Z] > git ls-files --stage -- /home/user/xv6-riscv/user/forktest.c [1ms]
[2022-10-11T09:19:59.626Z] > git cat-file -s 384e75f785d1a3730e3e61136508feabb6d2bfb1 [2ms]
[2022-10-11T09:20:00.049Z] > git show --textconv :user/echo.c [7ms]
[2022-10-11T09:20:00.050Z] > git ls-files --stage -- /home/user/xv6-riscv/user/echo.c [2ms]
[2022-10-11T09:20:00.054Z] > git cat-file -s 3f19cd7f1d70082950f741aa7eeb073fdcae1859 [1ms]
[2022-10-11T09:20:01.856Z] > git show --textconv :LICENSE [4ms]
[2022-10-11T09:20:01.857Z] > git ls-files --stage -- /home/user/xv6-riscv/LICENSE [2ms]
[2022-10-11T09:20:01.860Z] > git cat-file -s 1ace9a3eb74ec7730715ab48264f6bfdd960a040 [1ms]
[2022-10-11T09:20:03.560Z] > git check-ignore -v -z --stdin [0ms]
[2022-10-11T09:20:03.842Z] > git show --textconv :mkfs/mkfs.c [4ms]
[2022-10-11T09:20:03.843Z] > git ls-files --stage -- /home/user/xv6-riscv/mkfs/mkfs.c [2ms]
[2022-10-11T09:20:03.851Z] > git cat-file -s 1ec326bade687078337805c101643b0e080d4826 [2ms]
[2022-10-11T09:20:04.594Z] > git check-ignore -v -z --stdin [2ms]
[2022-10-11T09:20:04.717Z] > git show --textconv :kernel/bio.c [11ms]
[2022-10-11T09:20:04.718Z] > git ls-files --stage -- /home/user/xv6-riscv/kernel/bio.c [6ms]
[2022-10-11T09:20:04.721Z] > git cat-file -s 60d91a6d74ca9f57f5920ec8d4f93591ab330b82 [0ms]
[2022-10-11T09:20:05.153Z] > git show --textconv :kernel/buf.h [7ms]
[2022-10-11T09:20:05.153Z] > git ls-files --stage -- /home/user/xv6-riscv/kernel/buf.h [2ms]
[2022-10-11T09:20:05.158Z] > git cat-file -s 4616e9ecc92a57215daf1f5f118e0e759effeb33 [1ms]
[2022-10-11T09:20:05.590Z] > git show --textconv :kernel/defs.h [4ms]
[2022-10-11T09:20:05.591Z] > git ls-files --stage -- /home/user/xv6-riscv/kernel/defs.h [1ms]
[2022-10-11T09:20:05.594Z] > git cat-file -s a3c962b37def1fd2b9f8b84b0698f645fe26e228 [0ms]
[2022-10-11T09:20:05.963Z] > git show --textconv :kernel/elf.h [5ms]
[2022-10-11T09:20:05.966Z] > git ls-files --stage -- /home/user/xv6-riscv/kernel/elf.h [4ms]
[2022-10-11T09:20:05.972Z] > git cat-file -s 84555fafd7481b3cf2e7cfe6d8daf9e9cb63c8c8 [2ms]
[2022-10-11T09:20:06.387Z] > git show --textconv :kernel/file.c [3ms]
[2022-10-11T09:20:06.388Z] > git ls-files --stage -- /home/user/xv6-riscv/kernel/file.c [1ms]
[2022-10-11T09:20:06.392Z] > git cat-file -s 25fa2263ae9f452a2c12dd5cc9e3fe7a784ef25b [1ms]
[2022-10-11T09:20:06.828Z] > git show --textconv :kernel/fs.c [4ms]
[2022-10-11T09:20:06.828Z] > git ls-files --stage -- /home/user/xv6-riscv/kernel/fs.c [0ms]
[2022-10-11T09:20:06.831Z] > git cat-file -s c6bab157e3e2b6843d9e2335b5c00554e53a859e [1ms]
[2022-10-11T09:20:07.691Z] > git check-ignore -v -z --stdin [1ms]
[2022-10-11T09:20:07.828Z] > git show --textconv :kernel/kalloc.c [6ms]
[2022-10-11T09:20:07.862Z] > git ls-files --stage -- /home/user/xv6-riscv/kernel/kalloc.c [37ms]
[2022-10-11T09:20:07.867Z] > git cat-file -s 0699e7eed4842dcd893ef0b74f1650a0fcaf0d38 [1ms]
[2022-10-11T09:20:08.426Z] > git show --textconv :kernel/kernelvec.S [3ms]
[2022-10-11T09:20:08.428Z] > git ls-files --stage -- /home/user/xv6-riscv/kernel/kernelvec.S [2ms]
[2022-10-11T09:20:08.433Z] > git cat-file -s fb31b328c488b944e57e4d45314a7a9797a4d95e [2ms]
[2022-10-11T09:20:08.792Z] > git show --textconv :kernel/log.c [4ms]
[2022-10-11T09:20:08.793Z] > git ls-files --stage -- /home/user/xv6-riscv/kernel/log.c [2ms]
[2022-10-11T09:20:08.797Z] > git cat-file -s 5b58306f8feeb85fc7d4f67dd5a539265bc29166 [2ms]
[2022-10-11T09:20:09.550Z] > git check-ignore -v -z --stdin [2ms]
[2022-10-11T09:20:09.588Z] > git show --textconv :kernel/proc.c [4ms]
[2022-10-11T09:20:09.588Z] > git ls-files --stage -- /home/user/xv6-riscv/kernel/proc.c [1ms]
[2022-10-11T09:20:09.591Z] > git cat-file -s 959b778b62040e45093857c38655fd488f22485f [1ms]
[2022-10-11T09:20:10.010Z] > git show --textconv :kernel/plic.c [8ms]
[2022-10-11T09:20:10.011Z] > git ls-files --stage -- /home/user/xv6-riscv/kernel/plic.c [4ms]
[2022-10-11T09:20:10.020Z] > git cat-file -s 4175db9145091ee9e704c16c8b22b1a976102a20 [4ms]
[2022-10-11T09:20:10.579Z] > git show --textconv :kernel/sleeplock.h [3ms]
[2022-10-11T09:20:10.581Z] > git ls-files --stage -- /home/user/xv6-riscv/kernel/sleeplock.h [2ms]
[2022-10-11T09:20:10.587Z] > git cat-file -s 110e6f3d7f0ea289b5907ea4072bd5663d5734b2 [2ms]
[2022-10-11T09:20:11.345Z] > git check-ignore -v -z --stdin [2ms]
[2022-10-11T09:20:12.054Z] > git show --textconv :kernel/sleeplock.c [3ms]
[2022-10-11T09:20:12.055Z] > git ls-files --stage -- /home/user/xv6-riscv/kernel/sleeplock.c [2ms]
[2022-10-11T09:20:12.058Z] > git cat-file -s 81de58572b85c31b179d2668b6ec99e46c28962c [0ms]
[2022-10-11T09:20:12.726Z] > git check-ignore -v -z --stdin [3ms]
[2022-10-11T09:20:12.961Z] > git show --textconv :kernel/types.h [3ms]
[2022-10-11T09:20:12.961Z] > git ls-files --stage -- /home/user/xv6-riscv/kernel/types.h [1ms]
[2022-10-11T09:20:12.966Z] > git cat-file -s ee731649e26036528f55d39c0a7e8ae53f6ceb41 [1ms]
[2022-10-11T09:20:13.469Z] > git show --textconv :kernel/virtio_disk.c [3ms]
[2022-10-11T09:20:13.470Z] > git ls-files --stage -- /home/user/xv6-riscv/kernel/virtio_disk.c [2ms]
[2022-10-11T09:20:13.474Z] > git cat-file -s ae6c164f0859d8796cb46cf97c867b11b9891f91 [1ms]
[2022-10-11T09:20:13.906Z] > git show --textconv :kernel/uart.c [4ms]
[2022-10-11T09:20:13.906Z] > git ls-files --stage -- /home/user/xv6-riscv/kernel/uart.c [1ms]
[2022-10-11T09:20:13.910Z] > git cat-file -s e3b3b8a6a306d4dc054e2dc480480458049afada [1ms]
[2022-10-11T09:20:14.874Z] > git show --textconv :kernel/vm.c [4ms]
[2022-10-11T09:20:14.875Z] > git ls-files --stage -- /home/user/xv6-riscv/kernel/vm.c [1ms]
[2022-10-11T09:20:14.882Z] > git cat-file -s 9f69783479f9bb968eb7076e434cd4b11da2ed80 [5ms]
[2022-10-11T09:20:18.759Z] > git show --textconv :Makefile [4ms]
[2022-10-11T09:20:18.760Z] > git ls-files --stage -- /home/user/xv6-riscv/Makefile [1ms]
[2022-10-11T09:20:18.765Z] > git cat-file -s 39a99d7a8f8129df61324450d4007d31d4ab88dc [3ms]
[2022-10-11T09:20:19.620Z] > git show --textconv :kernel/elf.h [3ms]
[2022-10-11T09:20:19.622Z] > git ls-files --stage -- /home/user/xv6-riscv/kernel/elf.h [2ms]
[2022-10-11T09:20:19.627Z] > git cat-file -s 84555fafd7481b3cf2e7cfe6d8daf9e9cb63c8c8 [2ms]
[2022-10-11T09:20:20.542Z] > git show --textconv :kernel/exec.c [5ms]
[2022-10-11T09:20:20.542Z] > git ls-files --stage -- /home/user/xv6-riscv/kernel/exec.c [2ms]
[2022-10-11T09:20:20.546Z] > git cat-file -s e18bbb63274fbc970807f928396f6f26560418a0 [1ms]
[2022-10-11T09:20:21.625Z] > git show --textconv :kernel/ramdisk.c [6ms]
[2022-10-11T09:20:21.625Z] > git ls-files --stage -- /home/user/xv6-riscv/kernel/ramdisk.c [1ms]
[2022-10-11T09:20:21.631Z] > git cat-file -s eb60ee7a53c1da3617145443d277010e4f41b200 [2ms]
[2022-10-11T09:20:22.564Z] > git show --textconv :kernel/riscv.h [7ms]
[2022-10-11T09:20:22.566Z] > git ls-files --stage -- /home/user/xv6-riscv/kernel/riscv.h [3ms]
[2022-10-11T09:20:22.574Z] > git cat-file -s 20a01db847b4393879be82a37deebd899c212d5c [2ms]
[2022-10-11T09:20:22.976Z] > git show --textconv :kernel/virtio_disk.c [4ms]
[2022-10-11T09:20:22.977Z] > git ls-files --stage -- /home/user/xv6-riscv/kernel/virtio_disk.c [1ms]
[2022-10-11T09:20:22.981Z] > git cat-file -s ae6c164f0859d8796cb46cf97c867b11b9891f91 [1ms]
[2022-10-11T09:20:24.296Z] > git show --textconv :kernel/virtio.h [4ms]
[2022-10-11T09:20:24.296Z] > git ls-files --stage -- /home/user/xv6-riscv/kernel/virtio.h [1ms]
[2022-10-11T09:20:24.306Z] > git cat-file -s 96272b46d796c8f17de324135c4f890257994ecf [5ms]
[2022-10-11T09:20:25.045Z] > git show --textconv :kernel/vm.c [4ms]
[2022-10-11T09:20:25.045Z] > git ls-files --stage -- /home/user/xv6-riscv/kernel/vm.c [1ms]
[2022-10-11T09:20:25.054Z] > git cat-file -s 9f69783479f9bb968eb7076e434cd4b11da2ed80 [2ms]
[2022-10-11T09:20:32.892Z] > git show --textconv :kernel/exec.c [5ms]
[2022-10-11T09:20:32.892Z] > git ls-files --stage -- /home/user/xv6-riscv/kernel/exec.c [1ms]
[2022-10-11T09:20:32.896Z] > git cat-file -s e18bbb63274fbc970807f928396f6f26560418a0 [1ms]
[2022-10-11T09:20:52.655Z] > git show --textconv :kernel/ramdisk.c [4ms]
[2022-10-11T09:20:52.657Z] > git ls-files --stage -- /home/user/xv6-riscv/kernel/ramdisk.c [3ms]
[2022-10-11T09:20:52.660Z] > git cat-file -s eb60ee7a53c1da3617145443d277010e4f41b200 [1ms]
[2022-10-11T09:21:21.794Z] > git status -z -uall [2ms]
[2022-10-11T09:21:21.799Z] > git symbolic-ref --short HEAD [1ms]
[2022-10-11T09:21:21.807Z] > git for-each-ref --format=%(refname)%00%(upstream:short)%00%(objectname)%00%(upstream:track)%00%(upstream:remotename)%00%(upstream:remoteref) refs/heads/riscv refs/remotes/riscv [2ms]
[2022-10-11T09:21:21.815Z] > git remote --verbose [3ms]
[2022-10-11T09:21:21.815Z] > git for-each-ref --sort -committerdate --format %(refname) %(objectname) %(*objectname) [5ms]
[2022-10-11T09:21:21.824Z] > git config --get commit.template [2ms]
